This is pdfTeX, Version 3.14159265-2.6-1.40.16 (TeX Live 2015/Arch Linux) (preloaded format=pdflatex 2015.11.15)  20 FEB 2016 21:10
entering extended mode
 restricted \write18 enabled.
 %&-line parsing enabled.
**bak_prace.tex
(./bak_prace.tex
LaTeX2e <2015/10/01> patch level 2
Babel <3.9m> and hyphenation patterns for 79 languages loaded.
(/usr/share/texmf-dist/tex/latex/fithesis/fithesis.cls

LaTeX Warning: You have requested document class `fithesis',
               but the document class provides `oldfithesis1'.

Document Class: oldfithesis1 2015/03/04 old fithesis will load fithesis3 MU the
sis class

Class oldfithesis1 Warning: You are using the fithesis class, which has been de
precated. The fithesis3 class will be used instead. For more information, see <
http://www.fi.muni.cz/tech/unix/tex/fithesis.xhtml> on input line 60.

(/usr/share/texmf-dist/tex/latex/fithesis/fithesis3.cls
Document Class: fithesis3 2015/10/14 v0.3.23 fithesis3 MU thesis class
(/usr/share/texmf-dist/tex/latex/ntgclass/rapport3.cls
Document Class: rapport3 2004/06/07 v2.1a NTG LaTeX document class
(/usr/share/texmf-dist/tex/latex/ntgclass/ntg10.clo
File: ntg10.clo 2004/06/07 v2.1a NTG LaTeX file (size option)
)
\unitindent=\dimen102
\othermargin=\dimen103
\c@part=\count79
\c@chapter=\count80
\c@section=\count81
\c@subsection=\count82
\c@subsubsection=\count83
\c@paragraph=\count84
\c@subparagraph=\count85
\c@figure=\count86
\c@table=\count87
\abovecaptionskip=\skip41
\belowcaptionskip=\skip42
LaTeX Info: Redefining \em on input line 826.
\bibindent=\dimen104
)
(/usr/share/texmf-dist/tex/latex/graphics/keyval.sty
Package: keyval 2014/10/28 v1.15 key=value parser (DPC)
\KV@toks@=\toks14
)
(/usr/share/texmf-dist/tex/latex/etoolbox/etoolbox.sty
Package: etoolbox 2015/08/02 v2.2a e-TeX tools for LaTeX (JAW)
\etb@tempcnta=\count88
)
(/usr/share/texmf-dist/tex/generic/ifxetex/ifxetex.sty
Package: ifxetex 2010/09/12 v0.6 Provides ifxetex conditional
)
(/usr/share/texmf-dist/tex/generic/oberdiek/ifluatex.sty
Package: ifluatex 2010/03/01 v1.3 Provides the ifluatex switch (HO)
Package ifluatex Info: LuaTeX not detected.
)
(/usr/share/texmf-dist/tex/latex/base/inputenc.sty
Package: inputenc 2015/03/17 v1.2c Input encoding file
\inpenc@prehook=\toks15
\inpenc@posthook=\toks16

(/usr/share/texmf-dist/tex/latex/base/utf8.def
File: utf8.def 2015/09/07 v1.1p UTF-8 support for inputenc
Now handling font encoding OML ...
... no UTF-8 mapping file for font encoding OML
Now handling font encoding T1 ...
... processing UTF-8 mapping file for font encoding T1

(/usr/share/texmf-dist/tex/latex/base/t1enc.dfu
File: t1enc.dfu 2015/09/07 v1.1p UTF-8 support for inputenc
   defining Unicode char U+00A0 (decimal 160)
   defining Unicode char U+00A1 (decimal 161)
   defining Unicode char U+00A3 (decimal 163)
   defining Unicode char U+00AB (decimal 171)
   defining Unicode char U+00AD (decimal 173)
   defining Unicode char U+00BB (decimal 187)
   defining Unicode char U+00BF (decimal 191)
   defining Unicode char U+00C0 (decimal 192)
   defining Unicode char U+00C1 (decimal 193)
   defining Unicode char U+00C2 (decimal 194)
   defining Unicode char U+00C3 (decimal 195)
   defining Unicode char U+00C4 (decimal 196)
   defining Unicode char U+00C5 (decimal 197)
   defining Unicode char U+00C6 (decimal 198)
   defining Unicode char U+00C7 (decimal 199)
   defining Unicode char U+00C8 (decimal 200)
   defining Unicode char U+00C9 (decimal 201)
   defining Unicode char U+00CA (decimal 202)
   defining Unicode char U+00CB (decimal 203)
   defining Unicode char U+00CC (decimal 204)
   defining Unicode char U+00CD (decimal 205)
   defining Unicode char U+00CE (decimal 206)
   defining Unicode char U+00CF (decimal 207)
   defining Unicode char U+00D0 (decimal 208)
   defining Unicode char U+00D1 (decimal 209)
   defining Unicode char U+00D2 (decimal 210)
   defining Unicode char U+00D3 (decimal 211)
   defining Unicode char U+00D4 (decimal 212)
   defining Unicode char U+00D5 (decimal 213)
   defining Unicode char U+00D6 (decimal 214)
   defining Unicode char U+00D8 (decimal 216)
   defining Unicode char U+00D9 (decimal 217)
   defining Unicode char U+00DA (decimal 218)
   defining Unicode char U+00DB (decimal 219)
   defining Unicode char U+00DC (decimal 220)
   defining Unicode char U+00DD (decimal 221)
   defining Unicode char U+00DE (decimal 222)
   defining Unicode char U+00DF (decimal 223)
   defining Unicode char U+00E0 (decimal 224)
   defining Unicode char U+00E1 (decimal 225)
   defining Unicode char U+00E2 (decimal 226)
   defining Unicode char U+00E3 (decimal 227)
   defining Unicode char U+00E4 (decimal 228)
   defining Unicode char U+00E5 (decimal 229)
   defining Unicode char U+00E6 (decimal 230)
   defining Unicode char U+00E7 (decimal 231)
   defining Unicode char U+00E8 (decimal 232)
   defining Unicode char U+00E9 (decimal 233)
   defining Unicode char U+00EA (decimal 234)
   defining Unicode char U+00EB (decimal 235)
   defining Unicode char U+00EC (decimal 236)
   defining Unicode char U+00ED (decimal 237)
   defining Unicode char U+00EE (decimal 238)
   defining Unicode char U+00EF (decimal 239)
   defining Unicode char U+00F0 (decimal 240)
   defining Unicode char U+00F1 (decimal 241)
   defining Unicode char U+00F2 (decimal 242)
   defining Unicode char U+00F3 (decimal 243)
   defining Unicode char U+00F4 (decimal 244)
   defining Unicode char U+00F5 (decimal 245)
   defining Unicode char U+00F6 (decimal 246)
   defining Unicode char U+00F8 (decimal 248)
   defining Unicode char U+00F9 (decimal 249)
   defining Unicode char U+00FA (decimal 250)
   defining Unicode char U+00FB (decimal 251)
   defining Unicode char U+00FC (decimal 252)
   defining Unicode char U+00FD (decimal 253)
   defining Unicode char U+00FE (decimal 254)
   defining Unicode char U+00FF (decimal 255)
   defining Unicode char U+0102 (decimal 258)
   defining Unicode char U+0103 (decimal 259)
   defining Unicode char U+0104 (decimal 260)
   defining Unicode char U+0105 (decimal 261)
   defining Unicode char U+0106 (decimal 262)
   defining Unicode char U+0107 (decimal 263)
   defining Unicode char U+010C (decimal 268)
   defining Unicode char U+010D (decimal 269)
   defining Unicode char U+010E (decimal 270)
   defining Unicode char U+010F (decimal 271)
   defining Unicode char U+0110 (decimal 272)
   defining Unicode char U+0111 (decimal 273)
   defining Unicode char U+0118 (decimal 280)
   defining Unicode char U+0119 (decimal 281)
   defining Unicode char U+011A (decimal 282)
   defining Unicode char U+011B (decimal 283)
   defining Unicode char U+011E (decimal 286)
   defining Unicode char U+011F (decimal 287)
   defining Unicode char U+0130 (decimal 304)
   defining Unicode char U+0131 (decimal 305)
   defining Unicode char U+0132 (decimal 306)
   defining Unicode char U+0133 (decimal 307)
   defining Unicode char U+0139 (decimal 313)
   defining Unicode char U+013A (decimal 314)
   defining Unicode char U+013D (decimal 317)
   defining Unicode char U+013E (decimal 318)
   defining Unicode char U+0141 (decimal 321)
   defining Unicode char U+0142 (decimal 322)
   defining Unicode char U+0143 (decimal 323)
   defining Unicode char U+0144 (decimal 324)
   defining Unicode char U+0147 (decimal 327)
   defining Unicode char U+0148 (decimal 328)
   defining Unicode char U+014A (decimal 330)
   defining Unicode char U+014B (decimal 331)
   defining Unicode char U+0150 (decimal 336)
   defining Unicode char U+0151 (decimal 337)
   defining Unicode char U+0152 (decimal 338)
   defining Unicode char U+0153 (decimal 339)
   defining Unicode char U+0154 (decimal 340)
   defining Unicode char U+0155 (decimal 341)
   defining Unicode char U+0158 (decimal 344)
   defining Unicode char U+0159 (decimal 345)
   defining Unicode char U+015A (decimal 346)
   defining Unicode char U+015B (decimal 347)
   defining Unicode char U+015E (decimal 350)
   defining Unicode char U+015F (decimal 351)
   defining Unicode char U+0160 (decimal 352)
   defining Unicode char U+0161 (decimal 353)
   defining Unicode char U+0162 (decimal 354)
   defining Unicode char U+0163 (decimal 355)
   defining Unicode char U+0164 (decimal 356)
   defining Unicode char U+0165 (decimal 357)
   defining Unicode char U+016E (decimal 366)
   defining Unicode char U+016F (decimal 367)
   defining Unicode char U+0170 (decimal 368)
   defining Unicode char U+0171 (decimal 369)
   defining Unicode char U+0174 (decimal 372)
   defining Unicode char U+0175 (decimal 373)
   defining Unicode char U+0176 (decimal 374)
   defining Unicode char U+0177 (decimal 375)
   defining Unicode char U+0178 (decimal 376)
   defining Unicode char U+0179 (decimal 377)
   defining Unicode char U+017A (decimal 378)
   defining Unicode char U+017B (decimal 379)
   defining Unicode char U+017C (decimal 380)
   defining Unicode char U+017D (decimal 381)
   defining Unicode char U+017E (decimal 382)
   defining Unicode char U+0218 (decimal 536)
   defining Unicode char U+0219 (decimal 537)
   defining Unicode char U+021A (decimal 538)
   defining Unicode char U+021B (decimal 539)
   defining Unicode char U+200C (decimal 8204)
   defining Unicode char U+2013 (decimal 8211)
   defining Unicode char U+2014 (decimal 8212)
   defining Unicode char U+2018 (decimal 8216)
   defining Unicode char U+2019 (decimal 8217)
   defining Unicode char U+201A (decimal 8218)
   defining Unicode char U+201C (decimal 8220)
   defining Unicode char U+201D (decimal 8221)
   defining Unicode char U+201E (decimal 8222)
   defining Unicode char U+2030 (decimal 8240)
   defining Unicode char U+2031 (decimal 8241)
   defining Unicode char U+2039 (decimal 8249)
   defining Unicode char U+203A (decimal 8250)
   defining Unicode char U+2423 (decimal 9251)
)
Now handling font encoding OT1 ...
... processing UTF-8 mapping file for font encoding OT1

(/usr/share/texmf-dist/tex/latex/base/ot1enc.dfu
File: ot1enc.dfu 2015/09/07 v1.1p UTF-8 support for inputenc
   defining Unicode char U+00A0 (decimal 160)
   defining Unicode char U+00A1 (decimal 161)
   defining Unicode char U+00A3 (decimal 163)
   defining Unicode char U+00AD (decimal 173)
   defining Unicode char U+00B8 (decimal 184)
   defining Unicode char U+00BF (decimal 191)
   defining Unicode char U+00C5 (decimal 197)
   defining Unicode char U+00C6 (decimal 198)
   defining Unicode char U+00D8 (decimal 216)
   defining Unicode char U+00DF (decimal 223)
   defining Unicode char U+00E6 (decimal 230)
   defining Unicode char U+00EC (decimal 236)
   defining Unicode char U+00ED (decimal 237)
   defining Unicode char U+00EE (decimal 238)
   defining Unicode char U+00EF (decimal 239)
   defining Unicode char U+00F8 (decimal 248)
   defining Unicode char U+0131 (decimal 305)
   defining Unicode char U+0141 (decimal 321)
   defining Unicode char U+0142 (decimal 322)
   defining Unicode char U+0152 (decimal 338)
   defining Unicode char U+0153 (decimal 339)
   defining Unicode char U+0174 (decimal 372)
   defining Unicode char U+0175 (decimal 373)
   defining Unicode char U+0176 (decimal 374)
   defining Unicode char U+0177 (decimal 375)
   defining Unicode char U+0218 (decimal 536)
   defining Unicode char U+0219 (decimal 537)
   defining Unicode char U+021A (decimal 538)
   defining Unicode char U+021B (decimal 539)
   defining Unicode char U+2013 (decimal 8211)
   defining Unicode char U+2014 (decimal 8212)
   defining Unicode char U+2018 (decimal 8216)
   defining Unicode char U+2019 (decimal 8217)
   defining Unicode char U+201C (decimal 8220)
   defining Unicode char U+201D (decimal 8221)
)
Now handling font encoding OMS ...
... processing UTF-8 mapping file for font encoding OMS

(/usr/share/texmf-dist/tex/latex/base/omsenc.dfu
File: omsenc.dfu 2015/09/07 v1.1p UTF-8 support for inputenc
   defining Unicode char U+00A7 (decimal 167)
   defining Unicode char U+00B6 (decimal 182)
   defining Unicode char U+00B7 (decimal 183)
   defining Unicode char U+2020 (decimal 8224)
   defining Unicode char U+2021 (decimal 8225)
   defining Unicode char U+2022 (decimal 8226)
)
Now handling font encoding OMX ...
... no UTF-8 mapping file for font encoding OMX
Now handling font encoding U ...
... no UTF-8 mapping file for font encoding U
   defining Unicode char U+00A9 (decimal 169)
   defining Unicode char U+00AA (decimal 170)
   defining Unicode char U+00AE (decimal 174)
   defining Unicode char U+00BA (decimal 186)
   defining Unicode char U+02C6 (decimal 710)
   defining Unicode char U+02DC (decimal 732)
   defining Unicode char U+200C (decimal 8204)
   defining Unicode char U+2026 (decimal 8230)
   defining Unicode char U+2122 (decimal 8482)
   defining Unicode char U+2423 (decimal 9251)
))
\@year=\count89
\@month=\count90
))
(/usr/share/texmf-dist/tex/latex/cmap/cmap.sty
Package: cmap 2008/03/06 v1.0h CMap support: searchable PDF
)
(/usr/share/texmf-dist/tex/generic/babel/babel.sty
Package: babel 2015/08/03 3.9m The Babel package

(/usr/share/texmf-dist/tex/generic/babel-english/english.ldf
Language: english 2012/08/20 v3.3p English support from the babel system

(/usr/share/texmf-dist/tex/generic/babel/babel.def
File: babel.def 2015/08/03 3.9m Babel common definitions
\babel@savecnt=\count91
\U@D=\dimen105
)
\l@canadian = a dialect from \language\l@american 
\l@australian = a dialect from \language\l@british 
\l@newzealand = a dialect from \language\l@british 
)
(/usr/share/texmf-dist/tex/generic/babel-czech/czech.ldf
Language: czech 2008/07/06 v3.1a Czech support from the babel system
Package babel Info: Making " an active character on input line 172.
\cs@wordlen=\count92
Package babel Info: Making - an active character on input line 226.
))
(/usr/share/texmf-dist/tex/latex/csquotes/csquotes.sty
Package: csquotes 2015/07/18 v5.1f context-sensitive quotations (JAW)
\csq@reset=\count93
\csq@gtype=\count94
\csq@glevel=\count95
\csq@qlevel=\count96
\csq@maxlvl=\count97
\csq@tshold=\count98
\csq@ltx@everypar=\toks17

(/usr/share/texmf-dist/tex/latex/csquotes/csquotes.def
File: csquotes.def 2015/07/18 v5.1f csquotes generic definitions (JAW)
)
Package csquotes Info: Trying to load configuration file 'csquotes.cfg'...
Package csquotes Info: ... configuration file loaded successfully.

(/usr/share/texmf-dist/tex/latex/csquotes/csquotes.cfg
File: csquotes.cfg 
))
(/usr/share/texmf-dist/tex/latex/hyperref/hyperref.sty
Package: hyperref 2012/11/06 v6.83m Hypertext links for LaTeX

(/usr/share/texmf-dist/tex/generic/oberdiek/hobsub-hyperref.sty
Package: hobsub-hyperref 2012/05/28 v1.13 Bundle oberdiek, subset hyperref (HO)


(/usr/share/texmf-dist/tex/generic/oberdiek/hobsub-generic.sty
Package: hobsub-generic 2012/05/28 v1.13 Bundle oberdiek, subset generic (HO)
Package: hobsub 2012/05/28 v1.13 Construct package bundles (HO)
Package: infwarerr 2010/04/08 v1.3 Providing info/warning/error messages (HO)
Package: ltxcmds 2011/11/09 v1.22 LaTeX kernel commands for general use (HO)
Package hobsub Info: Skipping package `ifluatex' (already loaded).
Package: ifvtex 2010/03/01 v1.5 Detect VTeX and its facilities (HO)
Package ifvtex Info: VTeX not detected.
Package: intcalc 2007/09/27 v1.1 Expandable calculations with integers (HO)
Package: ifpdf 2011/01/30 v2.3 Provides the ifpdf switch (HO)
Package ifpdf Info: pdfTeX in PDF mode is detected.
Package: etexcmds 2011/02/16 v1.5 Avoid name clashes with e-TeX commands (HO)
Package etexcmds Info: Could not find \expanded.
(etexcmds)             That can mean that you are not using pdfTeX 1.50 or
(etexcmds)             that some package has redefined \expanded.
(etexcmds)             In the latter case, load this package earlier.
Package: kvsetkeys 2012/04/25 v1.16 Key value parser (HO)
Package: kvdefinekeys 2011/04/07 v1.3 Define keys (HO)
Package: pdftexcmds 2011/11/29 v0.20 Utility functions of pdfTeX for LuaTeX (HO
)
Package pdftexcmds Info: LuaTeX not detected.
Package pdftexcmds Info: \pdf@primitive is available.
Package pdftexcmds Info: \pdf@ifprimitive is available.
Package pdftexcmds Info: \pdfdraftmode found.
Package: pdfescape 2011/11/25 v1.13 Implements pdfTeX's escape features (HO)
Package: bigintcalc 2012/04/08 v1.3 Expandable calculations on big integers (HO
)
Package: bitset 2011/01/30 v1.1 Handle bit-vector datatype (HO)
Package: uniquecounter 2011/01/30 v1.2 Provide unlimited unique counter (HO)
)
Package hobsub Info: Skipping package `hobsub' (already loaded).
Package: letltxmacro 2010/09/02 v1.4 Let assignment for LaTeX macros (HO)
Package: hopatch 2012/05/28 v1.2 Wrapper for package hooks (HO)
Package: xcolor-patch 2011/01/30 xcolor patch
Package: atveryend 2011/06/30 v1.8 Hooks at the very end of document (HO)
Package: atbegshi 2011/10/05 v1.16 At begin shipout hook (HO)
Package: refcount 2011/10/16 v3.4 Data extraction from label references (HO)
Package: hycolor 2011/01/30 v1.7 Color options for hyperref/bookmark (HO)
)
(/usr/share/texmf-dist/tex/latex/oberdiek/auxhook.sty
Package: auxhook 2011/03/04 v1.3 Hooks for auxiliary files (HO)
)
(/usr/share/texmf-dist/tex/latex/oberdiek/kvoptions.sty
Package: kvoptions 2011/06/30 v3.11 Key value format for package options (HO)
)
\@linkdim=\dimen106
\Hy@linkcounter=\count99
\Hy@pagecounter=\count100

(/usr/share/texmf-dist/tex/latex/hyperref/pd1enc.def
File: pd1enc.def 2012/11/06 v6.83m Hyperref: PDFDocEncoding definition (HO)
Now handling font encoding PD1 ...
... no UTF-8 mapping file for font encoding PD1
)
\Hy@SavedSpaceFactor=\count101

(/usr/share/texmf-dist/tex/latex/latexconfig/hyperref.cfg
File: hyperref.cfg 2002/06/06 v1.2 hyperref configuration of TeXLive
)
Package hyperref Info: Option `plainpages' set `false' on input line 4319.
Package hyperref Info: Option `pdfpagelabels' set `true' on input line 4319.
Package hyperref Info: Option `unicode' set `true' on input line 4319.

(/usr/share/texmf-dist/tex/latex/hyperref/puenc.def
File: puenc.def 2012/11/06 v6.83m Hyperref: PDF Unicode definition (HO)
Now handling font encoding PU ...
... no UTF-8 mapping file for font encoding PU
)
Package hyperref Info: Hyper figures OFF on input line 4443.
Package hyperref Info: Link nesting OFF on input line 4448.
Package hyperref Info: Hyper index ON on input line 4451.
Package hyperref Info: Plain pages OFF on input line 4458.
Package hyperref Info: Backreferencing OFF on input line 4463.
Package hyperref Info: Implicit mode ON; LaTeX internals redefined.
Package hyperref Info: Bookmarks ON on input line 4688.
\c@Hy@tempcnt=\count102

(/usr/share/texmf-dist/tex/latex/url/url.sty
\Urlmuskip=\muskip10
Package: url 2013/09/16  ver 3.4  Verb mode for urls, etc.
)
LaTeX Info: Redefining \url on input line 5041.
\XeTeXLinkMargin=\dimen107
\Fld@menulength=\count103
\Field@Width=\dimen108
\Fld@charsize=\dimen109
Package hyperref Info: Hyper figures OFF on input line 6295.
Package hyperref Info: Link nesting OFF on input line 6300.
Package hyperref Info: Hyper index ON on input line 6303.
Package hyperref Info: backreferencing OFF on input line 6310.
Package hyperref Info: Link coloring OFF on input line 6315.
Package hyperref Info: Link coloring with OCG OFF on input line 6320.
Package hyperref Info: PDF/A mode OFF on input line 6325.
LaTeX Info: Redefining \ref on input line 6365.
LaTeX Info: Redefining \pageref on input line 6369.
\Hy@abspage=\count104
\c@Item=\count105
\c@Hfootnote=\count106
)

Package hyperref Message: Driver (autodetected): hpdftex.

(/usr/share/texmf-dist/tex/latex/hyperref/hpdftex.def
File: hpdftex.def 2012/11/06 v6.83m Hyperref driver for pdfTeX
\Fld@listcount=\count107
\c@bookmark@seq@number=\count108

(/usr/share/texmf-dist/tex/latex/oberdiek/rerunfilecheck.sty
Package: rerunfilecheck 2011/04/15 v1.7 Rerun checks for auxiliary files (HO)
Package uniquecounter Info: New unique counter `rerunfilecheck' on input line 2
82.
)
\Hy@SectionHShift=\skip43
)
(/usr/share/texmf-dist/tex/latex/psnfss/charter.sty
Package: charter 2005/04/12 PSNFSS-v9.2a (P.Dyballa) 
)
(/usr/share/texmf-dist/tex/latex/graphics/graphicx.sty
Package: graphicx 2014/10/28 v1.0g Enhanced LaTeX Graphics (DPC,SPQR)

(/usr/share/texmf-dist/tex/latex/graphics/graphics.sty
Package: graphics 2014/10/28 v1.0p Standard LaTeX Graphics (DPC,SPQR)

(/usr/share/texmf-dist/tex/latex/graphics/trig.sty
Package: trig 1999/03/16 v1.09 sin cos tan (DPC)
)
(/usr/share/texmf-dist/tex/latex/latexconfig/graphics.cfg
File: graphics.cfg 2010/04/23 v1.9 graphics configuration of TeX Live
)
Package graphics Info: Driver file: pdftex.def on input line 94.

(/usr/share/texmf-dist/tex/latex/pdftex-def/pdftex.def
File: pdftex.def 2011/05/27 v0.06d Graphics/color for pdfTeX
\Gread@gobject=\count109
))
\Gin@req@height=\dimen110
\Gin@req@width=\dimen111
)
(/usr/share/texmf-dist/tex/latex/geometry/geometry.sty
Package: geometry 2010/09/12 v5.6 Page Geometry
\Gm@cnth=\count110
\Gm@cntv=\count111
\c@Gm@tempcnt=\count112
\Gm@bindingoffset=\dimen112
\Gm@wd@mp=\dimen113
\Gm@odd@mp=\dimen114
\Gm@even@mp=\dimen115
\Gm@layoutwidth=\dimen116
\Gm@layoutheight=\dimen117
\Gm@layouthoffset=\dimen118
\Gm@layoutvoffset=\dimen119
\Gm@dimlist=\toks18
)
(/usr/share/texmf-dist/tex/latex/biblatex/biblatex.sty
Package: biblatex 2015/10/21 v3.1 programmable bibliographies (PK/JW/AB)

(/usr/share/texmf-dist/tex/latex/biblatex/biblatex2.sty
Package: biblatex2 2015/10/21 v3.1 programmable bibliographies (biber) (PK/JW/A
B)

(/usr/share/texmf-dist/tex/latex/logreq/logreq.sty
Package: logreq 2010/08/04 v1.0 xml request logger
\lrq@indent=\count113

(/usr/share/texmf-dist/tex/latex/logreq/logreq.def
File: logreq.def 2010/08/04 v1.0 logreq spec v1.0
))
(/usr/share/texmf-dist/tex/latex/base/ifthen.sty
Package: ifthen 2014/09/29 v1.1c Standard LaTeX ifthen package (DPC)
)
\c@tabx@nest=\count114
\c@listtotal=\count115
\c@listcount=\count116
\c@liststart=\count117
\c@liststop=\count118
\c@citecount=\count119
\c@citetotal=\count120
\c@multicitecount=\count121
\c@multicitetotal=\count122
\c@instcount=\count123
\c@maxnames=\count124
\c@minnames=\count125
\c@maxitems=\count126
\c@minitems=\count127
\c@citecounter=\count128
\c@savedcitecounter=\count129
\c@uniquelist=\count130
\c@uniquename=\count131
\c@refsection=\count132
\c@refsegment=\count133
\c@maxextratitle=\count134
\c@maxextratitleyear=\count135
\c@maxextrayear=\count136
\c@maxextraalpha=\count137
\c@abbrvpenalty=\count138
\c@highnamepenalty=\count139
\c@lownamepenalty=\count140
\c@maxparens=\count141
\c@parenlevel=\count142
\blx@tempcnta=\count143
\blx@tempcntb=\count144
\blx@tempcntc=\count145
\blx@maxsection=\count146
\blx@maxsegment@0=\count147
\blx@notetype=\count148
\blx@parenlevel@text=\count149
\blx@parenlevel@foot=\count150
\blx@sectionciteorder@0=\count151
\labelnumberwidth=\skip44
\labelalphawidth=\skip45
\biblabelsep=\skip46
\bibitemsep=\skip47
\bibnamesep=\skip48
\bibinitsep=\skip49
\bibparsep=\skip50
\bibhang=\skip51
\blx@bcfin=\read1
\blx@bcfout=\write3
\c@mincomprange=\count152
\c@maxcomprange=\count153
\c@mincompwidth=\count154
Package biblatex Info: Trying to load biblatex default data model...
Package biblatex Info: ... file 'blx-dm.def' found.

(/usr/share/texmf-dist/tex/latex/biblatex/blx-dm.def)
Package biblatex Info: Trying to load biblatex style data model...
Package biblatex Info: ... file 'numeric.dbx' not found.
Package biblatex Info: Trying to load biblatex custom data model...
Package biblatex Info: ... file 'biblatex-dm.cfg' not found.
\c@afterword=\count155
\c@savedafterword=\count156
\c@annotator=\count157
\c@savedannotator=\count158
\c@author=\count159
\c@savedauthor=\count160
\c@bookauthor=\count161
\c@savedbookauthor=\count162
\c@commentator=\count163
\c@savedcommentator=\count164
\c@editor=\count165
\c@savededitor=\count166
\c@editora=\count167
\c@savededitora=\count168
\c@editorb=\count169
\c@savededitorb=\count170
\c@editorc=\count171
\c@savededitorc=\count172
\c@foreword=\count173
\c@savedforeword=\count174
\c@holder=\count175
\c@savedholder=\count176
\c@introduction=\count177
\c@savedintroduction=\count178
\c@namea=\count179
\c@savednamea=\count180
\c@nameb=\count181
\c@savednameb=\count182
\c@namec=\count183
\c@savednamec=\count184
\c@translator=\count185
\c@savedtranslator=\count186
\c@shortauthor=\count187
\c@savedshortauthor=\count188
\c@shorteditor=\count189
\c@savedshorteditor=\count190
\c@labelname=\count191
\c@savedlabelname=\count192
\c@institution=\count193
\c@savedinstitution=\count194
\c@lista=\count195
\c@savedlista=\count196
\c@listb=\count197
\c@savedlistb=\count198
\c@listc=\count199
\c@savedlistc=\count266
\c@listd=\count267
\c@savedlistd=\count268
\c@liste=\count269
\c@savedliste=\count270
\c@listf=\count271
\c@savedlistf=\count272
\c@location=\count273
\c@savedlocation=\count274
\c@organization=\count275
\c@savedorganization=\count276
\c@origlocation=\count277
\c@savedoriglocation=\count278
\c@origpublisher=\count279
\c@savedorigpublisher=\count280
\c@publisher=\count281
\c@savedpublisher=\count282
\c@language=\count283
\c@savedlanguage=\count284
\c@pageref=\count285
\c@savedpageref=\count286
\shorthandwidth=\skip52
\shortjournalwidth=\skip53
\shortserieswidth=\skip54
\shorttitlewidth=\skip55
\shortauthorwidth=\skip56
\shorteditorwidth=\skip57
Package biblatex Info: Trying to load compatibility code...
Package biblatex Info: ... file 'blx-compat.def' found.

(/usr/share/texmf-dist/tex/latex/biblatex/blx-compat.def
File: blx-compat.def 2015/10/21 v3.1 biblatex compatibility (PK/JW/AB)
)
Package biblatex Info: Trying to load generic definitions...
Package biblatex Info: ... file 'biblatex.def' found.

(/usr/share/texmf-dist/tex/latex/biblatex/biblatex.def
File: biblatex.def 
\c@textcitecount=\count287
\c@textcitetotal=\count288
\c@textcitemaxnames=\count289
\c@biburlnumpenalty=\count290
\c@biburlucpenalty=\count291
\c@biburllcpenalty=\count292
\c@smartand=\count293
)
Package biblatex Info: Trying to load bibliography style 'numeric'...
Package biblatex Info: ... file 'numeric.bbx' found.

(/usr/share/texmf-dist/tex/latex/biblatex/bbx/numeric.bbx
File: numeric.bbx 2015/10/21 v3.1 biblatex bibliography style (PK/JW/AB)
Package biblatex Info: Trying to load bibliography style 'standard'...
Package biblatex Info: ... file 'standard.bbx' found.

(/usr/share/texmf-dist/tex/latex/biblatex/bbx/standard.bbx
File: standard.bbx 2015/10/21 v3.1 biblatex bibliography style (PK/JW/AB)
\c@bbx:relatedcount=\count294
\c@bbx:relatedtotal=\count295
))
Package biblatex Info: Trying to load citation style 'numeric-comp'...
Package biblatex Info: ... file 'numeric-comp.cbx' found.

(/usr/share/texmf-dist/tex/latex/biblatex/cbx/numeric-comp.cbx
File: numeric-comp.cbx 2015/10/21 v3.1 biblatex citation style (PK/JW/AB)
\c@cbx@tempcnta=\count296
\c@cbx@tempcntb=\count297
Package biblatex Info: Redefining '\cite'.
Package biblatex Info: Redefining '\parencite'.
Package biblatex Info: Redefining '\footcite'.
Package biblatex Info: Redefining '\footcitetext'.
Package biblatex Info: Redefining '\smartcite'.
Package biblatex Info: Redefining '\supercite'.
Package biblatex Info: Redefining '\textcite'.
Package biblatex Info: Redefining '\textcites'.
Package biblatex Info: Redefining '\cites'.
Package biblatex Info: Redefining '\parencites'.
Package biblatex Info: Redefining '\smartcites'.
)
Package biblatex Info: Trying to load configuration file...
Package biblatex Info: ... file 'biblatex.cfg' found.

(/usr/share/texmf-dist/tex/latex/biblatex/biblatex.cfg
File: biblatex.cfg 
)))
(/usr/share/texmf-dist/tex/latex/base/makeidx.sty
Package: makeidx 2014/09/29 v1.0m Standard LaTeX package
)
\@indexfile=\write4
\openout4 = `bak_prace.idx'.


Writing index file bak_prace.idx
(/usr/share/texmf-dist/tex/latex/paralist/paralist.sty
Package: paralist 2013/06/09 v2.4 Extended list environments
\pltopsep=\skip58
\plpartopsep=\skip59
\plitemsep=\skip60
\plparsep=\skip61
\pl@lab=\toks19
)
(/usr/share/texmf-dist/tex/latex/amsmath/amsmath.sty
Package: amsmath 2013/01/14 v2.14 AMS math features
\@mathmargin=\skip62

For additional information on amsmath, use the `?' option.
(/usr/share/texmf-dist/tex/latex/amsmath/amstext.sty
Package: amstext 2000/06/29 v2.01

(/usr/share/texmf-dist/tex/latex/amsmath/amsgen.sty
File: amsgen.sty 1999/11/30 v2.0
\@emptytoks=\toks20
\ex@=\dimen120
))
(/usr/share/texmf-dist/tex/latex/amsmath/amsbsy.sty
Package: amsbsy 1999/11/29 v1.2d
\pmbraise@=\dimen121
)
(/usr/share/texmf-dist/tex/latex/amsmath/amsopn.sty
Package: amsopn 1999/12/14 v2.01 operator names
)
\inf@bad=\count298
LaTeX Info: Redefining \frac on input line 210.
\uproot@=\count299
\leftroot@=\count300
LaTeX Info: Redefining \overline on input line 306.
\classnum@=\count301
\DOTSCASE@=\count302
LaTeX Info: Redefining \ldots on input line 378.
LaTeX Info: Redefining \dots on input line 381.
LaTeX Info: Redefining \cdots on input line 466.
\Mathstrutbox@=\box26
\strutbox@=\box27
\big@size=\dimen122
LaTeX Font Info:    Redeclaring font encoding OML on input line 566.
LaTeX Font Info:    Redeclaring font encoding OMS on input line 567.
\macc@depth=\count303
\c@MaxMatrixCols=\count304
\dotsspace@=\muskip11
\c@parentequation=\count305
\dspbrk@lvl=\count306
\tag@help=\toks21
\row@=\count307
\column@=\count308
\maxfields@=\count309
\andhelp@=\toks22
\eqnshift@=\dimen123
\alignsep@=\dimen124
\tagshift@=\dimen125
\tagwidth@=\dimen126
\totwidth@=\dimen127
\lineht@=\dimen128
\@envbody=\toks23
\multlinegap=\skip63
\multlinetaggap=\skip64
\mathdisplay@stack=\toks24
LaTeX Info: Redefining \[ on input line 2665.
LaTeX Info: Redefining \] on input line 2666.
)
(/usr/share/texmf-dist/tex/latex/amscls/amsthm.sty
Package: amsthm 2015/03/04 v2.20.2
\thm@style=\toks25
\thm@bodyfont=\toks26
\thm@headfont=\toks27
\thm@notefont=\toks28
\thm@headpunct=\toks29
\thm@preskip=\skip65
\thm@postskip=\skip66
\thm@headsep=\skip67
\dth@everypar=\toks30
)
(/usr/share/texmf-dist/tex/latex/amsfonts/amsfonts.sty
Package: amsfonts 2013/01/14 v3.01 Basic AMSFonts support
\symAMSa=\mathgroup4
\symAMSb=\mathgroup5
LaTeX Font Info:    Overwriting math alphabet `\mathfrak' in version `bold'
(Font)                  U/euf/m/n --> U/euf/b/n on input line 106.
)
(/usr/share/texmf-dist/tex/latex/menukeys/menukeys.sty
Package: menukeys 2014/03/10 v1.3 a package to format menus paths and shortcuts


(/usr/share/texmf-dist/tex/latex/l3packages/xparse/xparse.sty
(/usr/share/texmf-dist/tex/latex/l3kernel/expl3.sty
Package: expl3 2015/11/04 v6224 L3 programming layer (loader) 

(/usr/share/texmf-dist/tex/latex/l3kernel/expl3-code.tex
Package: expl3 2015/11/04 v6224 L3 programming layer (code) 
L3 Module: l3bootstrap 2015/10/18 v6213 L3 Bootstrap code
L3 Module: l3names 2015/11/03 v6220 L3 Namespace for primitives
L3 Module: l3basics 2015/09/22 v6033 L3 Basic definitions
L3 Module: l3expan 2015/09/10 v5983 L3 Argument expansion
L3 Module: l3tl 2015/09/29 v6121 L3 Token lists
L3 Module: l3str 2015/09/20 v6021 L3 Strings
L3 Module: l3seq 2015/08/05 v5777 L3 Sequences and stacks
L3 Module: l3int 2015/09/25 v6089 L3 Integers
\c_max_int=\count310
\l_tmpa_int=\count311
\l_tmpb_int=\count312
\g_tmpa_int=\count313
\g_tmpb_int=\count314
L3 Module: l3quark 2015/08/17 v5855 L3 Quarks
L3 Module: l3prg 2015/11/01 v6216 L3 Control structures
\g__prg_map_int=\count315
L3 Module: l3clist 2015/09/02 v5901 L3 Comma separated lists
L3 Module: l3token 2015/09/28 v6114 L3 Experimental token manipulation
L3 Module: l3prop 2015/08/05 v5777 L3 Property lists
L3 Module: l3msg 2015/09/28 v6113 L3 Messages
L3 Module: l3file 2015/09/23 v6037 L3 File and I/O operations
\l_iow_line_count_int=\count316
\l__iow_target_count_int=\count317
\l__iow_current_line_int=\count318
\l__iow_current_word_int=\count319
\l__iow_current_indentation_int=\count320
L3 Module: l3skip 2015/09/25 v6089 L3 Dimensions and skips
\c_zero_dim=\dimen129
\c_max_dim=\dimen130
\l_tmpa_dim=\dimen131
\l_tmpb_dim=\dimen132
\g_tmpa_dim=\dimen133
\g_tmpb_dim=\dimen134
\c_zero_skip=\skip68
\c_max_skip=\skip69
\l_tmpa_skip=\skip70
\l_tmpb_skip=\skip71
\g_tmpa_skip=\skip72
\g_tmpb_skip=\skip73
\c_zero_muskip=\muskip12
\c_max_muskip=\muskip13
\l_tmpa_muskip=\muskip14
\l_tmpb_muskip=\muskip15
\g_tmpa_muskip=\muskip16
\g_tmpb_muskip=\muskip17
L3 Module: l3keys 2015/09/23 v6037 L3 Key-value interfaces
\g__keyval_level_int=\count321
\l_keys_choice_int=\count322
L3 Module: l3fp 2015/08/25 v5890 L3 Floating points
\c__fp_leading_shift_int=\count323
\c__fp_middle_shift_int=\count324
\c__fp_trailing_shift_int=\count325
\c__fp_big_leading_shift_int=\count326
\c__fp_big_middle_shift_int=\count327
\c__fp_big_trailing_shift_int=\count328
\c__fp_Bigg_leading_shift_int=\count329
\c__fp_Bigg_middle_shift_int=\count330
\c__fp_Bigg_trailing_shift_int=\count331
L3 Module: l3box 2015/08/09 v5822 L3 Experimental boxes
\c_empty_box=\box28
\l_tmpa_box=\box29
\l_tmpb_box=\box30
\g_tmpa_box=\box31
\g_tmpb_box=\box32
L3 Module: l3coffins 2015/08/06 v5789 L3 Coffin code layer
\l__coffin_internal_box=\box33
\l__coffin_internal_dim=\dimen135
\l__coffin_offset_x_dim=\dimen136
\l__coffin_offset_y_dim=\dimen137
\l__coffin_x_dim=\dimen138
\l__coffin_y_dim=\dimen139
\l__coffin_x_prime_dim=\dimen140
\l__coffin_y_prime_dim=\dimen141
\c_empty_coffin=\box34
\l__coffin_aligned_coffin=\box35
\l__coffin_aligned_internal_coffin=\box36
\l_tmpa_coffin=\box37
\l_tmpb_coffin=\box38
\l__coffin_display_coffin=\box39
\l__coffin_display_coord_coffin=\box40
\l__coffin_display_pole_coffin=\box41
\l__coffin_display_offset_dim=\dimen142
\l__coffin_display_x_dim=\dimen143
\l__coffin_display_y_dim=\dimen144
L3 Module: l3color 2014/08/23 v5354 L3 Experimental color support
L3 Module: l3candidates 2015/11/01 v6216 L3 Experimental additions to l3kernel
\l__box_top_dim=\dimen145
\l__box_bottom_dim=\dimen146
\l__box_left_dim=\dimen147
\l__box_right_dim=\dimen148
\l__box_top_new_dim=\dimen149
\l__box_bottom_new_dim=\dimen150
\l__box_left_new_dim=\dimen151
\l__box_right_new_dim=\dimen152
\l__box_internal_box=\box42
\l__coffin_bounding_shift_dim=\dimen153
\l__coffin_left_corner_dim=\dimen154
\l__coffin_right_corner_dim=\dimen155
\l__coffin_bottom_corner_dim=\dimen156
\l__coffin_top_corner_dim=\dimen157
\l__coffin_scaled_total_height_dim=\dimen158
\l__coffin_scaled_width_dim=\dimen159
L3 Module: l3sys 2015/09/25 v6087 L3 Experimental system/runtime functions
L3 Module: l3luatex 2015/09/10 v5983 L3 Experimental LuaTeX-specific functions
)
(/usr/share/texmf-dist/tex/latex/l3kernel/l3unicode-data.def
File: l3unicode-data.def 2015/07/20 v5676 L3 Unicode data
)
(/usr/share/texmf-dist/tex/latex/l3kernel/l3pdfmode.def
File: l3pdfmode.def 2015/09/10 v5983 L3 Experimental driver: PDF mode
\l__driver_color_stack_int=\count332
))
Package: xparse 2015/11/04 v6224 L3 Experimental document command parser
\l__xparse_current_arg_int=\count333
\l__xparse_m_args_int=\count334
\l__xparse_mandatory_args_int=\count335
\l__xparse_processor_int=\count336
\l__xparse_v_nesting_int=\count337
)
(/usr/share/texmf-dist/tex/generic/xstring/xstring.sty
(/usr/share/texmf-dist/tex/generic/xstring/xstring.tex
\@xs@message=\write5
\integerpart=\count338
\decimalpart=\count339
)
Package: xstring 2013/10/13  v1.7c  String manipulations (C Tellechea)
)
(/usr/share/texmf-dist/tex/latex/pgf/frontendlayer/tikz.sty
(/usr/share/texmf-dist/tex/latex/pgf/basiclayer/pgf.sty
(/usr/share/texmf-dist/tex/latex/pgf/utilities/pgfrcs.sty
(/usr/share/texmf-dist/tex/generic/pgf/utilities/pgfutil-common.tex
\pgfutil@everybye=\toks31
\pgfutil@tempdima=\dimen160
\pgfutil@tempdimb=\dimen161

(/usr/share/texmf-dist/tex/generic/pgf/utilities/pgfutil-common-lists.tex))
(/usr/share/texmf-dist/tex/generic/pgf/utilities/pgfutil-latex.def
\pgfutil@abb=\box43

(/usr/share/texmf-dist/tex/latex/ms/everyshi.sty
Package: everyshi 2001/05/15 v3.00 EveryShipout Package (MS)
))
(/usr/share/texmf-dist/tex/generic/pgf/utilities/pgfrcs.code.tex
Package: pgfrcs 2015/08/07 v3.0.1a (rcs-revision 1.31)
))
Package: pgf 2015/08/07 v3.0.1a (rcs-revision 1.15)

(/usr/share/texmf-dist/tex/latex/pgf/basiclayer/pgfcore.sty
(/usr/share/texmf-dist/tex/latex/pgf/systemlayer/pgfsys.sty
(/usr/share/texmf-dist/tex/generic/pgf/systemlayer/pgfsys.code.tex
Package: pgfsys 2014/07/09 v3.0.1a (rcs-revision 1.48)

(/usr/share/texmf-dist/tex/generic/pgf/utilities/pgfkeys.code.tex
\pgfkeys@pathtoks=\toks32
\pgfkeys@temptoks=\toks33

(/usr/share/texmf-dist/tex/generic/pgf/utilities/pgfkeysfiltered.code.tex
\pgfkeys@tmptoks=\toks34
))
\pgf@x=\dimen162
\pgf@y=\dimen163
\pgf@xa=\dimen164
\pgf@ya=\dimen165
\pgf@xb=\dimen166
\pgf@yb=\dimen167
\pgf@xc=\dimen168
\pgf@yc=\dimen169
\w@pgf@writea=\write6
\r@pgf@reada=\read2
\c@pgf@counta=\count340
\c@pgf@countb=\count341
\c@pgf@countc=\count342
\c@pgf@countd=\count343
\t@pgf@toka=\toks35
\t@pgf@tokb=\toks36
\t@pgf@tokc=\toks37

(/usr/share/texmf-dist/tex/generic/pgf/systemlayer/pgf.cfg
File: pgf.cfg 2008/05/14  (rcs-revision 1.7)
)
Driver file for pgf: pgfsys-pdftex.def

(/usr/share/texmf-dist/tex/generic/pgf/systemlayer/pgfsys-pdftex.def
File: pgfsys-pdftex.def 2014/10/11  (rcs-revision 1.35)

(/usr/share/texmf-dist/tex/generic/pgf/systemlayer/pgfsys-common-pdf.def
File: pgfsys-common-pdf.def 2013/10/10  (rcs-revision 1.13)
)))
(/usr/share/texmf-dist/tex/generic/pgf/systemlayer/pgfsyssoftpath.code.tex
File: pgfsyssoftpath.code.tex 2013/09/09  (rcs-revision 1.9)
\pgfsyssoftpath@smallbuffer@items=\count344
\pgfsyssoftpath@bigbuffer@items=\count345
)
(/usr/share/texmf-dist/tex/generic/pgf/systemlayer/pgfsysprotocol.code.tex
File: pgfsysprotocol.code.tex 2006/10/16  (rcs-revision 1.4)
))
(/usr/share/texmf-dist/tex/latex/xcolor/xcolor.sty
Package: xcolor 2007/01/21 v2.11 LaTeX color extensions (UK)

(/usr/share/texmf-dist/tex/latex/latexconfig/color.cfg
File: color.cfg 2007/01/18 v1.5 color configuration of teTeX/TeXLive
)
Package xcolor Info: Driver file: pdftex.def on input line 225.

(/usr/share/texmf-dist/tex/latex/colortbl/colortbl.sty
Package: colortbl 2012/02/13 v1.0a Color table columns (DPC)

(/usr/share/texmf-dist/tex/latex/tools/array.sty
Package: array 2014/10/28 v2.4c Tabular extension package (FMi)
\col@sep=\dimen170
\extrarowheight=\dimen171
\NC@list=\toks38
\extratabsurround=\skip74
\backup@length=\skip75
)
\everycr=\toks39
\minrowclearance=\skip76
)
\rownum=\count346
Package xcolor Info: Model `cmy' substituted by `cmy0' on input line 1337.
Package xcolor Info: Model `hsb' substituted by `rgb' on input line 1341.
Package xcolor Info: Model `RGB' extended on input line 1353.
Package xcolor Info: Model `HTML' substituted by `rgb' on input line 1355.
Package xcolor Info: Model `Hsb' substituted by `hsb' on input line 1356.
Package xcolor Info: Model `tHsb' substituted by `hsb' on input line 1357.
Package xcolor Info: Model `HSB' substituted by `hsb' on input line 1358.
Package xcolor Info: Model `Gray' substituted by `gray' on input line 1359.
Package xcolor Info: Model `wave' substituted by `hsb' on input line 1360.
)
(/usr/share/texmf-dist/tex/generic/pgf/basiclayer/pgfcore.code.tex
Package: pgfcore 2010/04/11 v3.0.1a (rcs-revision 1.7)

(/usr/share/texmf-dist/tex/generic/pgf/math/pgfmath.code.tex
(/usr/share/texmf-dist/tex/generic/pgf/math/pgfmathcalc.code.tex
(/usr/share/texmf-dist/tex/generic/pgf/math/pgfmathutil.code.tex)
(/usr/share/texmf-dist/tex/generic/pgf/math/pgfmathparser.code.tex
\pgfmath@dimen=\dimen172
\pgfmath@count=\count347
\pgfmath@box=\box44
\pgfmath@toks=\toks40
\pgfmath@stack@operand=\toks41
\pgfmath@stack@operation=\toks42
)
(/usr/share/texmf-dist/tex/generic/pgf/math/pgfmathfunctions.code.tex
(/usr/share/texmf-dist/tex/generic/pgf/math/pgfmathfunctions.basic.code.tex)
(/usr/share/texmf-dist/tex/generic/pgf/math/pgfmathfunctions.trigonometric.code
.tex)
(/usr/share/texmf-dist/tex/generic/pgf/math/pgfmathfunctions.random.code.tex)
(/usr/share/texmf-dist/tex/generic/pgf/math/pgfmathfunctions.comparison.code.te
x) (/usr/share/texmf-dist/tex/generic/pgf/math/pgfmathfunctions.base.code.tex)
(/usr/share/texmf-dist/tex/generic/pgf/math/pgfmathfunctions.round.code.tex)
(/usr/share/texmf-dist/tex/generic/pgf/math/pgfmathfunctions.misc.code.tex)
(/usr/share/texmf-dist/tex/generic/pgf/math/pgfmathfunctions.integerarithmetics
.code.tex))) (/usr/share/texmf-dist/tex/generic/pgf/math/pgfmathfloat.code.tex
\c@pgfmathroundto@lastzeros=\count348
)) (/usr/share/texmf-dist/tex/generic/pgf/basiclayer/pgfcorepoints.code.tex
File: pgfcorepoints.code.tex 2013/10/07  (rcs-revision 1.27)
\pgf@picminx=\dimen173
\pgf@picmaxx=\dimen174
\pgf@picminy=\dimen175
\pgf@picmaxy=\dimen176
\pgf@pathminx=\dimen177
\pgf@pathmaxx=\dimen178
\pgf@pathminy=\dimen179
\pgf@pathmaxy=\dimen180
\pgf@xx=\dimen181
\pgf@xy=\dimen182
\pgf@yx=\dimen183
\pgf@yy=\dimen184
\pgf@zx=\dimen185
\pgf@zy=\dimen186
<<ot1.cmap>>)
(/usr/share/texmf-dist/tex/generic/pgf/basiclayer/pgfcorepathconstruct.code.tex
File: pgfcorepathconstruct.code.tex 2013/10/07  (rcs-revision 1.29)
\pgf@path@lastx=\dimen187
\pgf@path@lasty=\dimen188
) (/usr/share/texmf-dist/tex/generic/pgf/basiclayer/pgfcorepathusage.code.tex
File: pgfcorepathusage.code.tex 2014/11/02  (rcs-revision 1.24)
\pgf@shorten@end@additional=\dimen189
\pgf@shorten@start@additional=\dimen190
)
(/usr/share/texmf-dist/tex/generic/pgf/basiclayer/pgfcorescopes.code.tex
File: pgfcorescopes.code.tex 2015/05/08  (rcs-revision 1.46)
\pgfpic=\box45
\pgf@hbox=\box46
\pgf@layerbox@main=\box47
\pgf@picture@serial@count=\count349
)
(/usr/share/texmf-dist/tex/generic/pgf/basiclayer/pgfcoregraphicstate.code.tex
File: pgfcoregraphicstate.code.tex 2014/11/02  (rcs-revision 1.12)
\pgflinewidth=\dimen191
)
(/usr/share/texmf-dist/tex/generic/pgf/basiclayer/pgfcoretransformations.code.t
ex
File: pgfcoretransformations.code.tex 2015/08/07  (rcs-revision 1.20)
\pgf@pt@x=\dimen192
\pgf@pt@y=\dimen193
\pgf@pt@temp=\dimen194
) (/usr/share/texmf-dist/tex/generic/pgf/basiclayer/pgfcorequick.code.tex
File: pgfcorequick.code.tex 2008/10/09  (rcs-revision 1.3)
)
(/usr/share/texmf-dist/tex/generic/pgf/basiclayer/pgfcoreobjects.code.tex
File: pgfcoreobjects.code.tex 2006/10/11  (rcs-revision 1.2)
)
(/usr/share/texmf-dist/tex/generic/pgf/basiclayer/pgfcorepathprocessing.code.te
x
File: pgfcorepathprocessing.code.tex 2013/09/09  (rcs-revision 1.9)
) (/usr/share/texmf-dist/tex/generic/pgf/basiclayer/pgfcorearrows.code.tex
File: pgfcorearrows.code.tex 2015/05/14  (rcs-revision 1.43)
\pgfarrowsep=\dimen195
)
(/usr/share/texmf-dist/tex/generic/pgf/basiclayer/pgfcoreshade.code.tex
File: pgfcoreshade.code.tex 2013/07/15  (rcs-revision 1.15)
\pgf@max=\dimen196
\pgf@sys@shading@range@num=\count350
)
(/usr/share/texmf-dist/tex/generic/pgf/basiclayer/pgfcoreimage.code.tex
File: pgfcoreimage.code.tex 2013/07/15  (rcs-revision 1.18)

(/usr/share/texmf-dist/tex/generic/pgf/basiclayer/pgfcoreexternal.code.tex
File: pgfcoreexternal.code.tex 2014/07/09  (rcs-revision 1.21)
\pgfexternal@startupbox=\box48
))
(/usr/share/texmf-dist/tex/generic/pgf/basiclayer/pgfcorelayers.code.tex
File: pgfcorelayers.code.tex 2013/07/18  (rcs-revision 1.7)
)
(/usr/share/texmf-dist/tex/generic/pgf/basiclayer/pgfcoretransparency.code.tex
File: pgfcoretransparency.code.tex 2013/09/30  (rcs-revision 1.5)
) (/usr/share/texmf-dist/tex/generic/pgf/basiclayer/pgfcorepatterns.code.tex
File: pgfcorepatterns.code.tex 2013/11/07  (rcs-revision 1.5)
)))
(/usr/share/texmf-dist/tex/generic/pgf/modules/pgfmoduleshapes.code.tex
File: pgfmoduleshapes.code.tex 2014/03/21  (rcs-revision 1.35)
\pgfnodeparttextbox=\box49
)
(/usr/share/texmf-dist/tex/generic/pgf/modules/pgfmoduleplot.code.tex
File: pgfmoduleplot.code.tex 2015/08/03  (rcs-revision 1.13)
)
(/usr/share/texmf-dist/tex/latex/pgf/compatibility/pgfcomp-version-0-65.sty
Package: pgfcomp-version-0-65 2007/07/03 v3.0.1a (rcs-revision 1.7)
\pgf@nodesepstart=\dimen197
\pgf@nodesepend=\dimen198
)
(/usr/share/texmf-dist/tex/latex/pgf/compatibility/pgfcomp-version-1-18.sty
Package: pgfcomp-version-1-18 2007/07/23 v3.0.1a (rcs-revision 1.1)
))
(/usr/share/texmf-dist/tex/latex/pgf/utilities/pgffor.sty
(/usr/share/texmf-dist/tex/latex/pgf/utilities/pgfkeys.sty
(/usr/share/texmf-dist/tex/generic/pgf/utilities/pgfkeys.code.tex))
(/usr/share/texmf-dist/tex/latex/pgf/math/pgfmath.sty
(/usr/share/texmf-dist/tex/generic/pgf/math/pgfmath.code.tex))
(/usr/share/texmf-dist/tex/generic/pgf/utilities/pgffor.code.tex
Package: pgffor 2013/12/13 v3.0.1a (rcs-revision 1.25)

(/usr/share/texmf-dist/tex/generic/pgf/math/pgfmath.code.tex)
\pgffor@iter=\dimen199
\pgffor@skip=\dimen256
\pgffor@stack=\toks43
\pgffor@toks=\toks44
))
(/usr/share/texmf-dist/tex/generic/pgf/frontendlayer/tikz/tikz.code.tex
Package: tikz 2015/08/07 v3.0.1a (rcs-revision 1.151)

(/usr/share/texmf-dist/tex/generic/pgf/libraries/pgflibraryplothandlers.code.te
x
File: pgflibraryplothandlers.code.tex 2013/08/31 v3.0.1a (rcs-revision 1.20)
\pgf@plot@mark@count=\count351
\pgfplotmarksize=\dimen257
)
\tikz@lastx=\dimen258
\tikz@lasty=\dimen259
\tikz@lastxsaved=\dimen260
\tikz@lastysaved=\dimen261
\tikzleveldistance=\dimen262
\tikzsiblingdistance=\dimen263
\tikz@figbox=\box50
\tikz@figbox@bg=\box51
\tikz@tempbox=\box52
\tikz@tempbox@bg=\box53
\tikztreelevel=\count352
\tikznumberofchildren=\count353
\tikznumberofcurrentchild=\count354
\tikz@fig@count=\count355
 (/usr/share/texmf-dist/tex/generic/pgf/modules/pgfmodulematrix.code.tex
File: pgfmodulematrix.code.tex 2013/09/17  (rcs-revision 1.8)
\pgfmatrixcurrentrow=\count356
\pgfmatrixcurrentcolumn=\count357
\pgf@matrix@numberofcolumns=\count358
)
\tikz@expandcount=\count359

(/usr/share/texmf-dist/tex/generic/pgf/frontendlayer/tikz/libraries/tikzlibrary
topaths.code.tex
File: tikzlibrarytopaths.code.tex 2008/06/17 v3.0.1a (rcs-revision 1.2)
)))
(/usr/share/texmf-dist/tex/generic/pgf/frontendlayer/tikz/libraries/tikzlibrary
calc.code.tex
File: tikzlibrarycalc.code.tex 2013/07/15 v3.0.1a (rcs-revision 1.9)
)
(/usr/share/texmf-dist/tex/generic/pgf/frontendlayer/tikz/libraries/tikzlibrary
shapes.symbols.code.tex
File: tikzlibraryshapes.symbols.code.tex 2008/01/09 v3.0.1a (rcs-revision 1.1)

(/usr/share/texmf-dist/tex/generic/pgf/libraries/shapes/pgflibraryshapes.symbol
s.code.tex
File: pgflibraryshapes.symbols.code.tex 2013/09/11 v3.0.1a (rcs-revision 1.6)
))
(/usr/share/texmf-dist/tex/generic/pgf/frontendlayer/tikz/libraries/tikzlibrary
shadows.code.tex
File: tikzlibraryshadows.code.tex 2008/01/13 v3.0.1a (rcs-revision 1.3)

(/usr/share/texmf-dist/tex/generic/pgf/frontendlayer/tikz/libraries/tikzlibrary
fadings.code.tex
File: tikzlibraryfadings.code.tex 2009/11/15 v3.0.1a (rcs-revision 1.2)

(/usr/share/texmf-dist/tex/generic/pgf/libraries/pgflibraryfadings.code.tex
File: pgflibraryfadings.code.tex 2008/02/07 v3.0.1a (rcs-revision 1.3)
)))
(/usr/share/texmf-dist/tex/latex/adjustbox/adjustbox.sty
Package: adjustbox 2012/05/21 v1.0 Adjusting TeX boxes (trim, clip, ...)

(/usr/share/texmf-dist/tex/latex/xkeyval/xkeyval.sty
Package: xkeyval 2014/12/03 v2.7a package option processing (HA)

(/usr/share/texmf-dist/tex/generic/xkeyval/xkeyval.tex
(/usr/share/texmf-dist/tex/generic/xkeyval/xkvutils.tex
\XKV@toks=\toks45
\XKV@tempa@toks=\toks46
)
\XKV@depth=\count360
File: xkeyval.tex 2014/12/03 v2.7a key=value parser (HA)
))
(/usr/share/texmf-dist/tex/latex/adjustbox/adjcalc.sty
Package: adjcalc 2012/05/16 v1.1 Provides advanced setlength with multiple back
-ends (calc, etex, pgfmath)
)
(/usr/share/texmf-dist/tex/latex/adjustbox/trimclip.sty
Package: trimclip 2012/05/16 v1.0 Trim and clip general TeX material

(/usr/share/texmf-dist/tex/latex/collectbox/collectbox.sty
Package: collectbox 2012/05/17 v0.4b Collect macro arguments as boxes
\collectedbox=\box54
)
\tc@llx=\dimen264
\tc@lly=\dimen265
\tc@urx=\dimen266
\tc@ury=\dimen267
Package trimclip Info: Using driver 'tc-pdftex.def'.

(/usr/share/texmf-dist/tex/latex/adjustbox/tc-pdftex.def
File: tc-pdftex.def 2012/05/13 v1.0 Clipping driver for pdftex
))
\adjbox@Width=\dimen268
\adjbox@Height=\dimen269
\adjbox@Depth=\dimen270
\adjbox@Totalheight=\dimen271

(/usr/share/texmf-dist/tex/latex/ifoddpage/ifoddpage.sty
Package: ifoddpage 2011/09/13 v1.0 Conditionals for odd/even page detection
\c@checkoddpage=\count361
)
(/usr/share/texmf-dist/tex/latex/varwidth/varwidth.sty
Package: varwidth 2009/03/30 ver 0.92;  Variable-width minipages
\@vwid@box=\box55
\sift@deathcycles=\count362
\@vwid@loff=\dimen272
\@vwid@roff=\dimen273
))
(/usr/share/texmf-dist/tex/latex/relsize/relsize.sty
Package: relsize 2013/03/29 ver 4.1
)
(/usr/share/texmf-dist/tex/latex/catoptions/catoptions.sty
\m@one=\count363
\z@pt=\dimen274
Package: catoptions 2014/08/29 v0.2.7h Securing catcodes and parsing options (A
M)
\cpt@csvdepth=\count364
\cpt@optdepth=\count365
\cpt@cnta=\count366
\indrisdepth=\count367
\cpt@foreachdepth=\count368
\cpt@exprcnt=\count369
)
.................................................
. LaTeX info: "xparse/define-command"
. 
. Defining command \tw@mk@gobble@args with sig. 'm' on line 50.
.................................................
.................................................
. LaTeX info: "xparse/define-command"
. 
. Defining command \tw@declare@style@simple with sig. 's m O{\tw@default@pre }
. m O{\tw@default@sep } O{\tw@default@post } m ' on line 149.
.................................................
.................................................
. LaTeX info: "xparse/define-command"
. 
. Defining command \tw@declare@sytle@extra@args with sig. 'O{\tw@default@post
. } m ' on line 155.
.................................................
.................................................
. LaTeX info: "xparse/define-command"
. 
. Defining command \tw@declare@style with sig. 's m O{\tw@default@pre } m
. O{\tw@default@sep } m m m ' on line 182.
.................................................
.................................................
. LaTeX info: "xparse/define-command"
. 
. Defining command \newmenustylesimple with sig. 's m' on line 195.
.................................................
.................................................
. LaTeX info: "xparse/define-command"
. 
. Defining command \renewmenustylesimple with sig. 's m' on line 202.
.................................................
.................................................
. LaTeX info: "xparse/define-command"
. 
. Defining command \providemenustylesimple with sig. 's m' on line 216.
.................................................
.................................................
. LaTeX info: "xparse/define-command"
. 
. Defining command \newmenustyle with sig. 's m' on line 230.
.................................................
.................................................
. LaTeX info: "xparse/define-command"
. 
. Defining command \renewmenustyle with sig. 's m' on line 237.
.................................................
.................................................
. LaTeX info: "xparse/define-command"
. 
. Defining command \providemenustyle with sig. 's m' on line 251.
.................................................
.................................................
. LaTeX info: "xparse/define-command"
. 
. Defining command \changemenuelement with sig. 's m m m' on line 289.
.................................................
\c@tw@hyphen@char@num=\count370
.................................................
. LaTeX info: "xparse/define-command"
. 
. Defining command \tw@define@menu@macro with sig. 'm O{\tw@default@input@sep
. } m ' on line 612.
.................................................
.................................................
. LaTeX info: "xparse/define-command"
. 
. Defining command \newmenumacro with sig. 'm O{\tw@default@input@sep } m' on
. line 622.
.................................................
.................................................
. LaTeX info: "xparse/define-command"
. 
. Defining command \renewmenumacro with sig. 'm O{\tw@default@input@sep } m'
. on line 626.
.................................................
.................................................
. LaTeX info: "xparse/define-command"
. 
. Defining command \providemenumacro with sig. 'm O{\tw@default@input@sep } m'
. on line 634.
.................................................
.................................................
. LaTeX info: "xparse/define-command"
. 
. Defining command \tw@make@key@box with sig. 'm m' on line 645.
.................................................
.................................................
. LaTeX info: "xparse/define-command"
. 
. Defining command \tw@make@key@macro with sig. 's m' on line 670.
.................................................
)
(./fithesis/locale/fithesis-czech.def
File: fithesis/locale/fithesis-czech.def 2015/11/17
) (./fithesis/locale/mu/fithesis-czech.def
File: fithesis/locale/mu/fithesis-czech.def 2015/11/17
) (./fithesis/locale/mu/fi/fithesis-czech.def
File: fithesis/locale/mu/fi/fithesis-czech.def 2015/06/26
)
(./fithesis/style/fithesis-base.sty
Package: fithesis/style/fithesis-base 2015/06/23
) (./fithesis/style/mu/fithesis-base.sty
Package: fithesis/style/mu/fithesis-base 2015/11/17

(./fithesis/locale/fithesis-english.def
File: fithesis/locale/fithesis-english.def 2015/11/10
)
(./fithesis/locale/mu/fithesis-english.def
File: fithesis/locale/mu/fithesis-english.def 2015/06/26
)
(./fithesis/locale/mu/fi/fithesis-english.def
File: fithesis/locale/mu/fi/fithesis-english.def 2015/06/26
)
(/usr/share/texmf-dist/tex/latex/pdfpages/pdfpages.sty
Package: pdfpages 2015/09/18 v0.5d Insert pages of external PDF documents (AM)

(/usr/share/texmf-dist/tex/latex/tools/calc.sty
Package: calc 2014/10/28 v4.3 Infix arithmetic (KKT,FJ)
\calc@Acount=\count371
\calc@Bcount=\count372
\calc@Adimen=\dimen275
\calc@Bdimen=\dimen276
\calc@Askip=\skip77
\calc@Bskip=\skip78
LaTeX Info: Redefining \setlength on input line 80.
LaTeX Info: Redefining \addtolength on input line 81.
\calc@Ccount=\count373
\calc@Cskip=\skip79
)
(/usr/share/texmf-dist/tex/latex/eso-pic/eso-pic.sty
Package: eso-pic 2015/07/21 v2.0g eso-pic (RN)
)
\AM@pagewidth=\dimen277
\AM@pageheight=\dimen278

(/usr/share/texmf-dist/tex/latex/pdfpages/pppdftex.def
File: pppdftex.def 2015/09/18 v0.5d Pdfpages driver for pdfTeX (AM)
)
\AM@pagebox=\box56
\AM@toc@title=\toks47
\c@AM@survey=\count374
\AM@templatesizebox=\box57
)
(/usr/share/texmf-dist/tex/latex/microtype/microtype.sty
Package: microtype 2013/05/23 v2.5a Micro-typographical refinements (RS)
\MT@toks=\toks48
\MT@count=\count375
LaTeX Info: Redefining \textls on input line 766.
\MT@outer@kern=\dimen279
LaTeX Info: Redefining \textmicrotypecontext on input line 1285.
\MT@listname@count=\count376

(/usr/share/texmf-dist/tex/latex/microtype/microtype-pdftex.def
File: microtype-pdftex.def 2013/05/23 v2.5a Definitions specific to pdftex (RS)

LaTeX Info: Redefining \lsstyle on input line 915.
LaTeX Info: Redefining \lslig on input line 915.
\MT@outer@space=\skip80
)
Package microtype Info: Loading configuration file microtype.cfg.

(/usr/share/texmf-dist/tex/latex/microtype/microtype.cfg
File: microtype.cfg 2013/05/23 v2.5a microtype main configuration file (RS)
))
(/usr/share/texmf-dist/tex/latex/lm/lmodern.sty
Package: lmodern 2009/10/30 v1.6 Latin Modern Fonts
LaTeX Font Info:    Overwriting symbol font `operators' in version `normal'
(Font)                  OT1/cmr/m/n --> OT1/lmr/m/n on input line 22.
LaTeX Font Info:    Overwriting symbol font `letters' in version `normal'
(Font)                  OML/cmm/m/it --> OML/lmm/m/it on input line 23.
LaTeX Font Info:    Overwriting symbol font `symbols' in version `normal'
(Font)                  OMS/cmsy/m/n --> OMS/lmsy/m/n on input line 24.
LaTeX Font Info:    Overwriting symbol font `largesymbols' in version `normal'
(Font)                  OMX/cmex/m/n --> OMX/lmex/m/n on input line 25.
LaTeX Font Info:    Overwriting symbol font `operators' in version `bold'
(Font)                  OT1/cmr/bx/n --> OT1/lmr/bx/n on input line 26.
LaTeX Font Info:    Overwriting symbol font `letters' in version `bold'
(Font)                  OML/cmm/b/it --> OML/lmm/b/it on input line 27.
LaTeX Font Info:    Overwriting symbol font `symbols' in version `bold'
(Font)                  OMS/cmsy/b/n --> OMS/lmsy/b/n on input line 28.
LaTeX Font Info:    Overwriting symbol font `largesymbols' in version `bold'
(Font)                  OMX/cmex/m/n --> OMX/lmex/m/n on input line 29.
LaTeX Font Info:    Overwriting math alphabet `\mathbf' in version `normal'
(Font)                  OT1/cmr/bx/n --> OT1/lmr/bx/n on input line 31.
LaTeX Font Info:    Overwriting math alphabet `\mathsf' in version `normal'
(Font)                  OT1/cmss/m/n --> OT1/lmss/m/n on input line 32.
LaTeX Font Info:    Overwriting math alphabet `\mathit' in version `normal'
(Font)                  OT1/cmr/m/it --> OT1/lmr/m/it on input line 33.
LaTeX Font Info:    Overwriting math alphabet `\mathtt' in version `normal'
(Font)                  OT1/cmtt/m/n --> OT1/lmtt/m/n on input line 34.
LaTeX Font Info:    Overwriting math alphabet `\mathbf' in version `bold'
(Font)                  OT1/cmr/bx/n --> OT1/lmr/bx/n on input line 35.
LaTeX Font Info:    Overwriting math alphabet `\mathsf' in version `bold'
(Font)                  OT1/cmss/bx/n --> OT1/lmss/bx/n on input line 36.
LaTeX Font Info:    Overwriting math alphabet `\mathit' in version `bold'
(Font)                  OT1/cmr/bx/it --> OT1/lmr/bx/it on input line 37.
LaTeX Font Info:    Overwriting math alphabet `\mathtt' in version `bold'
(Font)                  OT1/cmtt/m/n --> OT1/lmtt/m/n on input line 38.
)
(/usr/share/texmf-dist/tex/latex/psnfss/mathpazo.sty
Package: mathpazo 2005/04/12 PSNFSS-v9.2a Palatino w/ Pazo Math (D.Puga, WaS) 
\symupright=\mathgroup6
)
(/usr/share/texmf-dist/tex/latex/tex-gyre/tgpagella.sty
Package: tgpagella 2009/09/27 v1.2 TeX Gyre Pagella as default roman family
)
(/usr/share/texmf-dist/tex/latex/base/fontenc.sty
Package: fontenc 2005/09/27 v1.99g Standard LaTeX package

(/usr/share/texmf-dist/tex/latex/base/t1enc.def
File: t1enc.def 2005/09/27 v1.99g Standard LaTeX file
LaTeX Font Info:    Redeclaring font encoding T1 on input line 48.
)
LaTeX Font Info:    Try loading font information for T1+qpl on input line 105.

(/usr/share/texmf-dist/tex/latex/tex-gyre/t1qpl.fd
File: t1qpl.fd 2009/09/25 v1.2 font definition file for T1/qpl
)<<t1.cmap>>)
(/usr/share/texmf-dist/tex/latex/tools/tabularx.sty
Package: tabularx 2014/10/28 v2.10 `tabularx' package (DPC)
\TX@col@width=\dimen280
\TX@old@table=\dimen281
\TX@old@col=\dimen282
\TX@target=\dimen283
\TX@delta=\dimen284
\TX@cols=\count377
\TX@ftn=\toks49
)
(/usr/share/texmf-dist/tex/latex/tabu/tabu.sty
Package: tabu 2011/02/26 v2.8 - flexible LaTeX tabulars (FC)
\c@taburow=\count378
\tabu@nbcols=\count379
\tabu@cnt=\count380
\tabu@Xcol=\count381
\tabu@alloc=\count382
\tabu@nested=\count383
\tabu@target=\dimen285
\tabu@spreadtarget=\dimen286
\tabu@naturalX=\dimen287
\tabucolX=\dimen288
\tabu@Xsum=\dimen289
\extrarowdepth=\dimen290
\abovetabulinesep=\dimen291
\belowtabulinesep=\dimen292
\tabustrutrule=\dimen293
\tabu@thebody=\toks50
\tabu@footnotes=\toks51
\tabu@box=\box58
\tabu@arstrutbox=\box59
\tabu@hleads=\box60
\tabu@vleads=\box61
\tabu@cellskip=\skip81
)
(/usr/share/texmf-dist/tex/latex/booktabs/booktabs.sty
Package: booktabs 2005/04/14 v1.61803 publication quality tables
\heavyrulewidth=\dimen294
\lightrulewidth=\dimen295
\cmidrulewidth=\dimen296
\belowrulesep=\dimen297
\belowbottomsep=\dimen298
\aboverulesep=\dimen299
\abovetopsep=\dimen300
\cmidrulesep=\dimen301
\cmidrulekern=\dimen302
\defaultaddspace=\dimen303
\@cmidla=\count384
\@cmidlb=\count385
\@aboverulesep=\dimen304
\@belowrulesep=\dimen305
\@thisruleclass=\count386
\@lastruleclass=\count387
\@thisrulewidth=\dimen306
)
Package hyperref Info: Option `plainpages' set `false' on input line 158.

(./fithesis/style/mu/fithesis-12.clo
File: fithesis/style/mu/fithesis-12.clo 2015/06/23
)) (./fithesis/style/mu/fithesis-fi.sty
Package: fithesis/style/mu/fithesis-fi 2015/06/27
)
Package hyperref Info: Option `unicode' set `true' on input line 42.
Package csquotes Info: Checking for multilingual support...
Package csquotes Info: ... found 'babel' package.
Package csquotes Info: Adjusting default style.


Package csquotes Warning: No style for language 'czech'.
(csquotes)                Using fallback style on input line 42.

Package csquotes Info: Redefining alias 'default' -> 'fallback'.
Package biblatex Info: Trying to load language 'czech'...
Package biblatex Info: ... file 'czech.lbx' found.
(/usr/share/texmf-dist/tex/latex/biblatex/lbx/czech.lbx
File: czech.lbx 2015/10/21 v3.1 biblatex localization (PK/JW/AB)
) (./bak_prace.aux)
\openout1 = `bak_prace.aux'.

LaTeX Font Info:    Checking defaults for OML/cmm/m/it on input line 42.
LaTeX Font Info:    ... okay on input line 42.
LaTeX Font Info:    Checking defaults for T1/cmr/m/n on input line 42.
LaTeX Font Info:    ... okay on input line 42.
LaTeX Font Info:    Checking defaults for OT1/cmr/m/n on input line 42.
LaTeX Font Info:    ... okay on input line 42.
LaTeX Font Info:    Checking defaults for OMS/cmsy/m/n on input line 42.
LaTeX Font Info:    ... okay on input line 42.
LaTeX Font Info:    Checking defaults for OMX/cmex/m/n on input line 42.
LaTeX Font Info:    ... okay on input line 42.
LaTeX Font Info:    Checking defaults for U/cmr/m/n on input line 42.
LaTeX Font Info:    ... okay on input line 42.
LaTeX Font Info:    Checking defaults for PD1/pdf/m/n on input line 42.
LaTeX Font Info:    ... okay on input line 42.
LaTeX Font Info:    Checking defaults for PU/pdf/m/n on input line 42.
LaTeX Font Info:    ... okay on input line 42.
\AtBeginShipoutBox=\box62
Package hyperref Info: Link coloring OFF on input line 42.

(/usr/share/texmf-dist/tex/latex/hyperref/nameref.sty
Package: nameref 2012/10/27 v2.43 Cross-referencing by name of section

(/usr/share/texmf-dist/tex/generic/oberdiek/gettitlestring.sty
Package: gettitlestring 2010/12/03 v1.4 Cleanup title references (HO)
)
\c@section@level=\count388
)
LaTeX Info: Redefining \ref on input line 42.
LaTeX Info: Redefining \pageref on input line 42.
LaTeX Info: Redefining \nameref on input line 42.

(./bak_prace.out) (./bak_prace.out)
\@outlinefile=\write7
\openout7 = `bak_prace.out'.


(/usr/share/texmf-dist/tex/context/base/supp-pdf.mkii
[Loading MPS to PDF converter (version 2006.09.02).]
\scratchcounter=\count389
\scratchdimen=\dimen307
\scratchbox=\box63
\nofMPsegments=\count390
\nofMParguments=\count391
\everyMPshowfont=\toks52
\MPscratchCnt=\count392
\MPscratchDim=\dimen308
\MPnumerator=\count393
\makeMPintoPDFobject=\count394
\everyMPtoPDFconversion=\toks53
) (/usr/share/texmf-dist/tex/latex/oberdiek/epstopdf-base.sty
Package: epstopdf-base 2010/02/09 v2.5 Base part for package epstopdf

(/usr/share/texmf-dist/tex/latex/oberdiek/grfext.sty
Package: grfext 2010/08/19 v1.1 Manage graphics extensions (HO)
)
Package grfext Info: Graphics extension search list:
(grfext)             [.png,.pdf,.jpg,.mps,.jpeg,.jbig2,.jb2,.PNG,.PDF,.JPG,.JPE
G,.JBIG2,.JB2,.eps]
(grfext)             \AppendGraphicsExtensions on input line 452.

(/usr/share/texmf-dist/tex/latex/latexconfig/epstopdf-sys.cfg
File: epstopdf-sys.cfg 2010/07/13 v1.3 Configuration of (r)epstopdf for TeX Liv
e
))
*geometry* driver: auto-detecting
*geometry* detected driver: pdftex
*geometry* verbose mode - [ preamble ] result:
* driver: pdftex
* paper: <default>
* layout: <same size as paper>
* layoutoffset:(h,v)=(0.0pt,0.0pt)
* modes: 
* h-part:(L,W,R)=(90.3375pt, 416.83289pt, 90.3375pt)
* v-part:(T,H,B)=(72.26999pt, 682.43936pt, 90.3375pt)
* \paperwidth=597.50787pt
* \paperheight=845.04684pt
* \textwidth=361.34999pt
* \textheight=546.5pt
* \oddsidemargin=54.2025pt
* \evensidemargin=54.2025pt
* \topmargin=28.90755pt
* \headheight=20.0pt
* \headsep=10.0pt
* \topskip=10.0pt
* \footskip=30.0pt
* \marginparwidth=0.0pt
* \marginparsep=10.0pt
* \columnsep=10.0pt
* \skip\footins=10.8pt plus 4.0pt minus 2.0pt
* \hoffset=0.0pt
* \voffset=0.0pt
* \mag=1000
* \@twocolumnfalse
* \@twosidefalse
* \@mparswitchfalse
* \@reversemarginfalse
* (1in=72.27pt=25.4mm, 1cm=28.453pt)

Package biblatex Info: Input encoding 'utf8' detected.
Package biblatex Info: Automatic encoding selection.
(biblatex)             Assuming data encoding 'utf8'.
\openout3 = `bak_prace.bcf'.

Package biblatex Info: Trying to load bibliographic data...
Package biblatex Info: ... file 'bak_prace.bbl' found.
(./bak_prace.bbl)
Package biblatex Info: Reference section=0 on input line 42.
Package biblatex Info: Reference segment=0 on input line 42.
 ABD: EveryShipout initializing macros
(/usr/share/texmf-dist/tex/latex/oberdiek/pdflscape.sty
Package: pdflscape 2008/08/11 v0.10 Display of landscape pages in PDF (HO)

(/usr/share/texmf-dist/tex/latex/graphics/lscape.sty
Package: lscape 2000/10/22 v3.01 Landscape Pages (DPC)
)
Package pdflscape Info: Auto-detected driver: pdftex on input line 80.
)
LaTeX Info: Redefining \microtypecontext on input line 42.
Package microtype Info: Generating PDF output.
Package microtype Info: Character protrusion enabled (level 2).
Package microtype Info: Using default protrusion set `alltext'.
Package microtype Info: Automatic font expansion enabled (level 2),
(microtype)             stretch: 20, shrink: 20, step: 1, non-selected.
Package microtype Info: Using default expansion set `basictext'.
Package microtype Info: No adjustment of tracking.
Package microtype Info: No adjustment of interword spacing.
Package microtype Info: No adjustment of character kerning.

(/usr/share/texmf-dist/tex/latex/microtype/mt-ppl.cfg
File: mt-ppl.cfg 2005/11/16 v1.6 microtype config. file: Palatino (RS)
)
Package microtype Info: Character `029' is missing
(microtype)             in font `T1/qpl/m/sc/12'.
(microtype)             Ignoring protrusion settings for this character.
Package microtype Info: Character `029' is missing
(microtype)             in font `T1/qpl/m/sc/20.74'.
(microtype)             Ignoring protrusion settings for this character.
Package microtype Info: Character `029' is missing
(microtype)             in font `T1/qpl/m/sc/17.28'.
(microtype)             Ignoring protrusion settings for this character.

<fithesis/logo/mu/fithesis-fi-color.pdf, id=33, 291.0875pt x 292.09125pt>
File: fithesis/logo/mu/fithesis-fi-color.pdf Graphic file (type pdf)

<use fithesis/logo/mu/fithesis-fi-color.pdf>
Package pdftex.def Info: fithesis/logo/mu/fithesis-fi-color.pdf used on input l
ine 42.
(pdftex.def)             Requested size: 113.81102pt x 114.20036pt.
Package microtype Info: Character `029' is missing
(microtype)             in font `T1/qpl/m/sc/14.4'.
(microtype)             Ignoring protrusion settings for this character.
 [1

{/var/lib/texmf/fonts/map/pdftex/updmap/pdftex.map} <./fithesis/logo/mu/fithesi
s-fi-color.pdf>] [0] [1

]
[2

] [3

] [4

] (./bak_prace.toc)
\tf@toc=\write8
\openout8 = `bak_prace.toc'.

 [5

]
Kapitola 1.

Underfull \vbox (badness 10000) has occurred while \output is active []

pdfTeX warning (ext4): destination with the same identifier (name{page.1}) has 
been already used, duplicate ignored
<to be read again> 
                   \relax 
l.66 
      [1

] [2]
Kapitola 2.
[3

]

LaTeX Font Warning: Font shape `T1/qpl/m/sl' in size <12> not available
(Font)              Font shape `T1/qpl/m/it' tried instead on input line 118.

LaTeX Font Info:    Try loading font information for T1+lmtt on input line 118.

(/usr/share/texmf-dist/tex/latex/lm/t1lmtt.fd
File: t1lmtt.fd 2009/10/30 v1.6 Font defs for Latin Modern
)
Package microtype Info: Loading generic settings for font family
(microtype)             `lmtt' (encoding: T1).
(microtype)             For optimal results, create family-specific settings.
(microtype)             See the microtype manual for details.
LaTeX Font Info:    Try loading font information for OT1+ppl on input line 118.


(/usr/share/texmf-dist/tex/latex/psnfss/ot1ppl.fd
File: ot1ppl.fd 2001/06/04 font definitions for OT1/ppl.
)
LaTeX Font Info:    Try loading font information for OML+zplm on input line 118
.

(/usr/share/texmf-dist/tex/latex/psnfss/omlzplm.fd
File: omlzplm.fd 2002/09/08 Fontinst v1.914 font definitions for OML/zplm.
)<<oml.cmap>>
LaTeX Font Info:    Try loading font information for OMS+zplm on input line 118
.

(/usr/share/texmf-dist/tex/latex/psnfss/omszplm.fd
File: omszplm.fd 2002/09/08 Fontinst v1.914 font definitions for OMS/zplm.
)<<oms.cmap>>
LaTeX Font Info:    Try loading font information for OMX+zplm on input line 118
.

(/usr/share/texmf-dist/tex/latex/psnfss/omxzplm.fd
File: omxzplm.fd 2002/09/08 Fontinst v1.914 font definitions for OMX/zplm.
)<<omx.cmap>>
LaTeX Font Info:    Font shape `U/msa/m/n' will be
(Font)              scaled to size 12.50409pt on input line 118.

(/usr/share/texmf-dist/tex/latex/microtype/mt-msa.cfg
File: mt-msa.cfg 2006/02/04 v1.1 microtype config. file: AMS symbols (a) (RS)
)
LaTeX Font Info:    Font shape `U/msa/m/n' will be
(Font)              scaled to size 9.37807pt on input line 118.
LaTeX Font Info:    Font shape `U/msa/m/n' will be
(Font)              scaled to size 7.29405pt on input line 118.
LaTeX Font Info:    Font shape `U/msb/m/n' will be
(Font)              scaled to size 12.50409pt on input line 118.

(/usr/share/texmf-dist/tex/latex/microtype/mt-msb.cfg
File: mt-msb.cfg 2005/06/01 v1.0 microtype config. file: AMS symbols (b) (RS)
)
LaTeX Font Info:    Font shape `U/msb/m/n' will be
(Font)              scaled to size 9.37807pt on input line 118.
LaTeX Font Info:    Font shape `U/msb/m/n' will be
(Font)              scaled to size 7.29405pt on input line 118.
LaTeX Font Info:    Try loading font information for OT1+zplm on input line 118
.

(/usr/share/texmf-dist/tex/latex/psnfss/ot1zplm.fd
File: ot1zplm.fd 2002/09/08 Fontinst v1.914 font definitions for OT1/zplm.
)
Package microtype Info: Loading generic settings for font family
(microtype)             `zplm' (encoding: OT1).
(microtype)             For optimal results, create family-specific settings.
(microtype)             See the microtype manual for details.
 [4

]

Package catoptions Warning: Undefined options 
(catoptions)                [Family, Option, Value]: 
(catoptions)                fontenc.sty,T1,. 
(catoptions)                Default action already taken in each case .

Package atveryend Info: Empty hook `BeforeClearDocument' on input line 120.
Package atveryend Info: Empty hook `AfterLastShipout' on input line 120.
(./bak_prace.aux)
Package atveryend Info: Executing hook `AtVeryEndDocument' on input line 120.
Package atveryend Info: Executing hook `AtEndAfterFileList' on input line 120.


Package rerunfilecheck Warning: File `bak_prace.out' has changed.
(rerunfilecheck)                Rerun to get outlines right
(rerunfilecheck)                or use package `bookmark'.

Package rerunfilecheck Info: Checksums for `bak_prace.out':
(rerunfilecheck)             Before: D41D8CD98F00B204E9800998ECF8427E;0
(rerunfilecheck)             After:  CB68BA5C358878983AD9609445D7BD22;534.
Package logreq Info: Writing requests to 'bak_prace.run.xml'.
\openout1 = `bak_prace.run.xml'.

 ) 
Here is how much of TeX's memory you used:
 39962 strings out of 493054
 717468 string characters out of 6140585
 1177497 words of memory out of 5000000
 42764 multiletter control sequences out of 15000+600000
 59857 words of font info for 82 fonts, out of 8000000 for 9000
 1142 hyphenation exceptions out of 8191
 69i,7n,84p,10408b,1441s stack positions out of 5000i,500n,10000p,200000b,80000s
{/usr/share/texmf-dist/fonts/enc/dvips/lm/lm-ec.enc}{/usr/share/texmf-dist/fo
nts/enc/dvips/tex-gyre/q-ec.enc}{/usr/share/texmf-dist/fonts/enc/dvips/tex-gyre
/q-ec-sc.enc}</usr/share/texmf-dist/fonts/type1/public/lm/lmtt12.pfb></usr/shar
e/texmf-dist/fonts/type1/public/tex-gyre/qplb.pfb></usr/share/texmf-dist/fonts/
type1/public/tex-gyre/qplr.pfb></usr/share/texmf-dist/fonts/type1/public/tex-gy
re/qplri.pfb>
Output written on bak_prace.pdf (11 pages, 137917 bytes).
PDF statistics:
 134 PDF objects out of 1000 (max. 8388607)
 94 compressed objects within 1 object stream
 25 named destinations out of 1000 (max. 500000)
 14982 words of extra memory for PDF output out of 17280 (max. 10000000)

