This is XeTeX, Version 3.14159265-2.6-0.99992 (TeX Live 2015/Arch Linux) (preloaded format=xetex 2015.11.15)  22 NOV 2015 15:13
entering extended mode
 restricted \write18 enabled.
 %&-line parsing enabled.
**slovak.ins
(./slovak.ins (../LICENSE.tex
(/usr/share/texmf-dist/tex/latex/base/docstrip.tex
\blockLevel=\count28
\emptyLines=\count29
\processedLines=\count30
\commentsRemoved=\count31
\commentsPassed=\count32
\codeLinesPassed=\count33
\TotalprocessedLines=\count34
\TotalcommentsRemoved=\count35
\TotalcommentsPassed=\count36
\TotalcodeLinesPassed=\count37
\NumberOfFiles=\count38
\inFile=\read1
\inputcheck=\read2
\@tempcnta=\count39
\off@0=\count40
\off@1=\count41
\off@2=\count42
\off@3=\count43
\off@4=\count44
\off@5=\count45
\off@6=\count46
\off@7=\count47
\off@8=\count48
\off@9=\count49
\off@10=\count50
\off@11=\count51
\off@12=\count52
\off@13=\count53
\off@14=\count54
\off@15=\count55
\@temptokena=\toks13
\@maxfiles=\count56
\@maxoutfiles=\count57

Utility: `docstrip' 2.5e <2014/09/29>
English documentation    <2014/09/29>

**********************************************************
* This program converts documented macro-files into fast *
* loadable files by stripping off (nearly) all comments! *
**********************************************************

********************************************************
* No Configuration file found, using default settings. *
********************************************************

))

Generating file(s) fithesis-slovak.def mu/fithesis-slovak.def mu/law/fithesis-s
lovak.def mu/fsps/fithesis-slovak.def mu/fss/fithesis-slovak.def mu/econ/fithes
is-slovak.def mu/med/fithesis-slovak.def mu/fi/fithesis-slovak.def mu/phil/fith
esis-slovak.def mu/ped/fithesis-slovak.def mu/sci/fithesis-slovak.def 
\openout0 = `fithesis-slovak.def'.

\openout1 = `mu/fithesis-slovak.def'.

\openout2 = `mu/law/fithesis-slovak.def'.

\openout3 = `mu/fsps/fithesis-slovak.def'.

\openout4 = `mu/fss/fithesis-slovak.def'.

\openout5 = `mu/econ/fithesis-slovak.def'.

\openout6 = `mu/med/fithesis-slovak.def'.

\openout7 = `mu/fi/fithesis-slovak.def'.

\openout8 = `mu/phil/fithesis-slovak.def'.

\openout9 = `mu/ped/fithesis-slovak.def'.

\openout10 = `mu/sci/fithesis-slovak.def'.


Processing file slovak.dtx (base) -> fithesis-slovak.def
                           (mu) -> mu/fithesis-slovak.def
                           (mu/law) -> mu/law/fithesis-slovak.def
                           (mu/fsps) -> mu/fsps/fithesis-slovak.def
                           (mu/fss) -> mu/fss/fithesis-slovak.def
                           (mu/econ) -> mu/econ/fithesis-slovak.def
                           (mu/med) -> mu/med/fithesis-slovak.def
                           (mu/fi) -> mu/fi/fithesis-slovak.def
                           (mu/phil) -> mu/phil/fithesis-slovak.def
                           (mu/ped) -> mu/ped/fithesis-slovak.def
                           (mu/sci) -> mu/sci/fithesis-slovak.def
% % % % % % % % % % <*base % . . % . . . % . . . . . . % . . . . . . . . . . .
. . . . . . . . . . . . . . . . . . . . . . . . . % > % % % % % % <*mu % . . %
. . . . . . . % . % > % % % % % % % % % <*mu/law % . . % . . % . . . % > % % %
% % % % <*mu/fsps % . . % . . % . % > % % % % % % <*mu/fss % . . % . . . . . %
> % % % % % % <*mu/econ % . . % > % % % % % % % % % % . % <*mu/med % . . % . .
% . . % . . % > % % % % % % % % % % % <*mu/fi % . . % . . . . . . . . . . . .
. % . % > % % % % % % % % % <*mu/phil % . . % . . . . . . . . % . . . . . . .
. . . . . . . . . . . . . % > % % % % % % % % % % <*mu/ped % . . % . . % . . %
> % % % % % % <*mu/sci % . . % . % > %
Lines  processed: 298
Comments removed: 134
Comments  passed: 0
Codelines passed: 142

 )
No pages of output.
