This is XeTeX, Version 3.14159265-2.6-0.99992 (TeX Live 2015/Arch Linux) (preloaded format=xetex 2015.11.15)  22 NOV 2015 15:13
entering extended mode
 restricted \write18 enabled.
 %&-line parsing enabled.
**fi.ins
(./fi.ins (../../LICENSE.tex (/usr/share/texmf-dist/tex/latex/base/docstrip.tex
\blockLevel=\count28
\emptyLines=\count29
\processedLines=\count30
\commentsRemoved=\count31
\commentsPassed=\count32
\codeLinesPassed=\count33
\TotalprocessedLines=\count34
\TotalcommentsRemoved=\count35
\TotalcommentsPassed=\count36
\TotalcodeLinesPassed=\count37
\NumberOfFiles=\count38
\inFile=\read1
\inputcheck=\read2
\@tempcnta=\count39
\off@0=\count40
\off@1=\count41
\off@2=\count42
\off@3=\count43
\off@4=\count44
\off@5=\count45
\off@6=\count46
\off@7=\count47
\off@8=\count48
\off@9=\count49
\off@10=\count50
\off@11=\count51
\off@12=\count52
\off@13=\count53
\off@14=\count54
\off@15=\count55
\@temptokena=\toks13
\@maxfiles=\count56
\@maxoutfiles=\count57
Utility: `docstrip' 2.5e <2014/09/29>
English documentation    <2014/09/29>

**********************************************************
* This program converts documented macro-files into fast *
* loadable files by stripping off (nearly) all comments! *
**********************************************************

********************************************************
* No Configuration file found, using default settings. *
********************************************************

))

Generating file(s) fithesis-fi.sty 
\openout0 = `fithesis-fi.sty'.


Processing file fi.dtx -> fithesis-fi.sty
% % % % % % % . . % % % . . . . . % % % % % . . . . % % % % % % % % % % % % %
. . . . . . . . . . . . . . . . . . . . . . . . % % % % % % % . . . . . . . .
. . . % % % % % % . . . . . . . . . . . . %
Lines  processed: 100
Comments removed: 42
Comments  passed: 0
Codelines passed: 58

 )
No pages of output.
